<?xml version="1.0" encoding="UTF-8"?>
<testng-results ignored="0" total="1" passed="1" failed="0" skipped="0">
  <reporter-output>
  </reporter-output>
  <suite started-at="2022-07-31T21:43:04 IST" name="Default suite" finished-at="2022-07-31T21:43:11 IST" duration-ms="6750">
    <groups>
    </groups>
    <test started-at="2022-07-31T21:43:04 IST" name="Default test" finished-at="2022-07-31T21:43:11 IST" duration-ms="6750">
      <class name="test.Testng">
        <test-method is-config="true" signature="Setup()[pri:0, instance:test.Testng@6574a52c]" started-at="2022-07-31T21:43:04 IST" name="Setup" finished-at="2022-07-31T21:43:07 IST" duration-ms="2756" status="PASS">
          <reporter-output>
          </reporter-output>
        </test-method> <!-- Setup -->
        <test-method signature="Test()[pri:0, instance:test.Testng@6574a52c]" started-at="2022-07-31T21:43:07 IST" name="Test" finished-at="2022-07-31T21:43:11 IST" duration-ms="3645" status="PASS">
          <reporter-output>
          </reporter-output>
        </test-method> <!-- Test -->
        <test-method is-config="true" signature="teardorn()[pri:0, instance:test.Testng@6574a52c]" started-at="2022-07-31T21:43:11 IST" name="teardorn" finished-at="2022-07-31T21:43:11 IST" duration-ms="300" status="PASS">
          <reporter-output>
          </reporter-output>
        </test-method> <!-- teardorn -->
      </class> <!-- test.Testng -->
    </test> <!-- Default test -->
  </suite> <!-- Default suite -->
</testng-results>
