<?xml version="1.0" encoding="UTF-8"?>
<!-- Generated by org.testng.reporters.JUnitXMLReporter -->
<testsuite ignored="0" hostname="Chandulal" failures="1" tests="1" name="Default test" time="21.882" errors="0" timestamp="2022-08-08T22:08:18 IST">
  <testcase classname="morepractice.Formsubmission" name="testS" time="18.51">
    <failure type="java.lang.Error" message="Invalid memory access">
      <![CDATA[java.lang.Error: Invalid memory access
at com.sun.jna.Native.invokePointer(Native Method)
at com.sun.jna.Function.invokePointer(Function.java:497)
at com.sun.jna.Function.invoke(Function.java:441)
at com.sun.jna.Function.invoke(Function.java:361)
at com.sun.jna.Library$Handler.invoke(Library.java:265)
at jdk.proxy2/jdk.proxy2.$Proxy29.TessBaseAPIGetUTF8Text(Unknown Source)
at net.sourceforge.tess4j.Tesseract.getOCRText(Tesseract.java:531)
at net.sourceforge.tess4j.Tesseract.doOCR(Tesseract.java:373)
at net.sourceforge.tess4j.Tesseract.doOCR(Tesseract.java:242)
at net.sourceforge.tess4j.Tesseract.doOCR(Tesseract.java:209)
at morepractice.Formsubmission.testS(Formsubmission.java:60)
at java.base/jdk.internal.reflect.NativeMethodAccessorImpl.invoke0(Native Method)
at java.base/jdk.internal.reflect.NativeMethodAccessorImpl.invoke(NativeMethodAccessorImpl.java:77)
at java.base/jdk.internal.reflect.DelegatingMethodAccessorImpl.invoke(DelegatingMethodAccessorImpl.java:43)
at java.base/java.lang.reflect.Method.invoke(Method.java:568)
at org.testng.internal.invokers.MethodInvocationHelper.invokeMethod(MethodInvocationHelper.java:139)
at org.testng.internal.invokers.TestInvoker.invokeMethod(TestInvoker.java:677)
at org.testng.internal.invokers.TestInvoker.invokeTestMethod(TestInvoker.java:221)
at org.testng.internal.invokers.MethodRunner.runInSequence(MethodRunner.java:50)
at org.testng.internal.invokers.TestInvoker$MethodInvocationAgent.invoke(TestInvoker.java:962)
at org.testng.internal.invokers.TestInvoker.invokeTestMethods(TestInvoker.java:194)
at org.testng.internal.invokers.TestMethodWorker.invokeTestMethods(TestMethodWorker.java:148)
at org.testng.internal.invokers.TestMethodWorker.run(TestMethodWorker.java:128)
at java.base/java.util.ArrayList.forEach(ArrayList.java:1511)
at org.testng.TestRunner.privateRun(TestRunner.java:806)
at org.testng.TestRunner.run(TestRunner.java:601)
at org.testng.SuiteRunner.runTest(SuiteRunner.java:433)
at org.testng.SuiteRunner.runSequentially(SuiteRunner.java:427)
at org.testng.SuiteRunner.privateRun(SuiteRunner.java:387)
at org.testng.SuiteRunner.run(SuiteRunner.java:330)
at org.testng.SuiteRunnerWorker.runSuite(SuiteRunnerWorker.java:52)
at org.testng.SuiteRunnerWorker.run(SuiteRunnerWorker.java:95)
at org.testng.TestNG.runSuitesSequentially(TestNG.java:1256)
at org.testng.TestNG.runSuitesLocally(TestNG.java:1176)
at org.testng.TestNG.runSuites(TestNG.java:1099)
at org.testng.TestNG.run(TestNG.java:1067)
at org.testng.remote.AbstractRemoteTestNG.run(AbstractRemoteTestNG.java:115)
at org.testng.remote.RemoteTestNG.initAndRun(RemoteTestNG.java:251)
at org.testng.remote.RemoteTestNG.main(RemoteTestNG.java:77)
]]>
    </failure>
  </testcase> <!-- testS -->
</testsuite> <!-- Default test -->
